Sun Dec 26 18:03:00 KST 2021 num: 8
Mon Dec 27 12:00:02 KST 2021 num: 4
Tue Dec 28 12:00:01 KST 2021 num: 3
Wed Dec 29 12:00:03 KST 2021 num: 6
Thu Dec 30 12:00:08 KST 2021 num: 9
Fri Dec 31 12:00:02 KST 2021 num: 5
Sat Jan  1 12:00:02 KST 2022 num: 4
Sun Jan  2 12:00:02 KST 2022 num: 7
Mon Jan  3 12:00:02 KST 2022 num: 7
Tue Jan  4 12:00:02 KST 2022 num: 0
Tue Jan  4 13:03:50 KST 2022 num: 2
Tue Jan  4 13:09:57 KST 2022 num: 8
Tue Jan  4 13:10:00 KST 2022 num: 3
Tue Jan  4 13:10:31 KST 2022 num: 3
Tue Jan  4 13:10:32 KST 2022 num: 5
Tue Jan  4 13:10:34 KST 2022 num: 5
Tue Jan  4 13:10:35 KST 2022 num: 1
Tue Jan  4 13:10:36 KST 2022 num: 0
Wed Jan  5 12:00:01 KST 2022 num: 1
Thu Jan  6 12:00:02 KST 2022 num: 6
Fri Jan  7 12:00:02 KST 2022 num: 5
Sat Jan  8 12:00:03 KST 2022 num: 1
Sun Jan  9 12:00:02 KST 2022 num: 2
Mon Jan 10 12:00:01 KST 2022 num: 2
